<?xml version="1.0" encoding="UTF-8"?>
<testsuite xmlns:xsi="http://www.w3.org/2001/XMLSchema-instance" xsi:noNamespaceSchemaLocation="https://maven.apache.org/surefire/maven-surefire-plugin/xsd/surefire-test-report.xsd" name="com.ucb.tdd.ElevatorTest" time="0.054" tests="12" errors="0" skipped="0" failures="0">
  <properties>
    <property name="java.specification.version" value="17"/>
    <property name="sun.cpu.isalist" value="amd64"/>
    <property name="sun.jnu.encoding" value="Cp1252"/>
    <property name="java.class.path" value="d:\2023\UCB_2_2023\Gestión de Calidad\ElevatorTDD\elevator\target\test-classes;d:\2023\UCB_2_2023\Gestión de Calidad\ElevatorTDD\elevator\target\classes;C:\.m2\repository\junit\junit\4.11\junit-4.11.jar;C:\.m2\repository\org\hamcrest\hamcrest-core\1.3\hamcrest-core-1.3.jar;"/>
    <property name="java.vm.vendor" value="Azul Systems, Inc."/>
    <property name="sun.arch.data.model" value="64"/>
    <property name="user.variant" value=""/>
    <property name="java.vendor.url" value="http://www.azul.com/"/>
    <property name="user.timezone" value="America/La_Paz"/>
    <property name="os.name" value="Windows 11"/>
    <property name="java.vm.specification.version" value="17"/>
    <property name="sun.java.launcher" value="SUN_STANDARD"/>
    <property name="user.country" value="US"/>
    <property name="sun.boot.library.path" value="C:\Program Files\Zulu\zulu-17\bin"/>
    <property name="sun.java.command" value="C:\Users\Radomir\AppData\Local\Temp\surefire9316783727105965081\surefirebooter11445285633169602507.jar C:\Users\Radomir\AppData\Local\Temp\surefire9316783727105965081 2023-10-15T18-22-54_541-jvmRun1 surefire583209619258260294tmp surefire_018281436611417602233tmp"/>
    <property name="jdk.debug" value="release"/>
    <property name="surefire.test.class.path" value="d:\2023\UCB_2_2023\Gestión de Calidad\ElevatorTDD\elevator\target\test-classes;d:\2023\UCB_2_2023\Gestión de Calidad\ElevatorTDD\elevator\target\classes;C:\.m2\repository\junit\junit\4.11\junit-4.11.jar;C:\.m2\repository\org\hamcrest\hamcrest-core\1.3\hamcrest-core-1.3.jar;"/>
    <property name="sun.cpu.endian" value="little"/>
    <property name="user.home" value="C:\Users\Radomir"/>
    <property name="user.language" value="en"/>
    <property name="java.specification.vendor" value="Oracle Corporation"/>
    <property name="java.version.date" value="2022-08-12"/>
    <property name="java.home" value="C:\Program Files\Zulu\zulu-17"/>
    <property name="file.separator" value="\"/>
    <property name="basedir" value="d:\2023\UCB_2_2023\Gestión de Calidad\ElevatorTDD\elevator"/>
    <property name="java.vm.compressedOopsMode" value="Zero based"/>
    <property name="line.separator" value="&#10;"/>
    <property name="java.vm.specification.vendor" value="Oracle Corporation"/>
    <property name="java.specification.name" value="Java Platform API Specification"/>
    <property name="surefire.real.class.path" value="C:\Users\Radomir\AppData\Local\Temp\surefire9316783727105965081\surefirebooter11445285633169602507.jar"/>
    <property name="user.script" value=""/>
    <property name="sun.management.compiler" value="HotSpot 64-Bit Tiered Compilers"/>
    <property name="java.runtime.version" value="17.0.4.1+1-LTS"/>
    <property name="user.name" value="Radomir"/>
    <property name="path.separator" value=";"/>
    <property name="os.version" value="10.0"/>
    <property name="java.runtime.name" value="OpenJDK Runtime Environment"/>
    <property name="file.encoding" value="Cp1252"/>
    <property name="java.vm.name" value="OpenJDK 64-Bit Server VM"/>
    <property name="java.vendor.version" value="Zulu17.36+17-CA"/>
    <property name="localRepository" value="C:\.m2\repository"/>
    <property name="java.vendor.url.bug" value="http://www.azul.com/support/"/>
    <property name="java.io.tmpdir" value="C:\Users\Radomir\AppData\Local\Temp\"/>
    <property name="java.version" value="17.0.4.1"/>
    <property name="user.dir" value="d:\2023\UCB_2_2023\Gestión de Calidad\ElevatorTDD\elevator"/>
    <property name="os.arch" value="amd64"/>
    <property name="java.vm.specification.name" value="Java Virtual Machine Specification"/>
    <property name="sun.os.patch.level" value=""/>
    <property name="native.encoding" value="Cp1252"/>
    <property name="java.library.path" value="C:\Program Files\Zulu\zulu-17\bin;C:\WINDOWS\Sun\Java\bin;C:\WINDOWS\system32;C:\WINDOWS;C:\Users\Radomir\anaconda3;C:\Users\Radomir\anaconda3\Library\mingw-w64\bin;C:\Users\Radomir\anaconda3\Library\usr\bin;C:\Users\Radomir\anaconda3\Library\bin;C:\Users\Radomir\anaconda3\Scripts;C:\Users\Radomir\anaconda3\bin;C:\Users\Radomir\anaconda3\condabin;C:\Users\Radomir\bin;C:\Program Files\Git\mingw64\bin;C:\Program Files\Git\usr\local\bin;C:\Program Files\Git\usr\bin;C:\Program Files\Git\usr\bin;C:\Program Files\Git\mingw64\bin;C:\Program Files\Git\usr\bin;C:\Users\Radomir\bin;C:\Users\Radomir\AppData\Local\JetBrains\Toolbox\apps\PyCharm-P\ch-0\231.8109.197\bin;C:\Program Files\JetBrains\IntelliJ IDEA 2022.2.3\bin;C:\Program Files\Zulu\zulu-17\bin;C:\Program Files (x86)\VMware\VMware Workstation\bin;C:\Program Files\Common Files\Oracle\Java\javapath;C:\ProgramData\Oracle\Java\javapath;C:\Windows\system32;C:\Windows;C:\Windows\System32\Wbem;C:\Windows\System32\WindowsPowerShell\v1.0;C:\Windows\System32\OpenSSH;C:\MinGW\bin;C:\Users\Radomir\apache-maven-3.8.2\bin;C:\Users\Radomir\AppData\Roaming\nvm;C:\Program Files\dotnet;C:\ProgramData\chocolatey\bin;C:\Program Files\Microsoft SQL Server\Client SDK\ODBC\170\Tools\Binn;C:\Program Files (x86)\Microsoft SQL Server\150\Tools\Binn;C:\Program Files\Microsoft SQL Server\150\Tools\Binn;C:\Program Files\Microsoft SQL Server\150\DTS\Binn;C:\Program Files\NVIDIA GPU Computing Toolkit\CUDA\v11.7\libnvvp;C:\Program Files\NVIDIA GPU Computing Toolkit\CUDA\v11.7\bin;C:\Program Files (x86)\NVIDIA Corporation\PhysX\Common;C:\src\flutter\bin;C:\Program Files\Docker\Docker\resources\bin;C:\ProgramData\DockerDesktop\version-bin;C:\Users\Radomir\sonarqube-9.6.1.59531\bin\windows-x86-64;C:\Users\Radomir\sonar-scanner-4.7.0.2747-windows\bin;C:\Program Files\Git\cmd;C:\Program Files\NVIDIA Corporation\Nsight Compute 2022.4.0;C:\Windows\Microsoft.NET\Framework64\v4.0.30319;C:\WINDOWS\system32;C:\WINDOWS;C:\WINDOWS\System32\Wbem;C:\WINDOWS\System32\WindowsPowerShell\v1.0;C:\WINDOWS\System32\OpenSSH;C:\Users\Radomir\AppData\Roaming\nvm;C:\Program Files\nodejs;C:\Program Files\Neovim\bin;C:\Program Files\Amazon\AWSCLIV2;C:\Program Files\NVIDIA Corporation\NVIDIA NvDLISR;C:\Program Files\PostgreSQL\15\bin;C:\Program Files\wkhtmltopdf\bin;C:\Program Files\nodejs;C:\Program Files\PowerShell\7;C:\Users\Radomir\AppData\Roaming\npm;C:\Program Files\nodejs;C:\Users\Radomir\anaconda3;C:\Users\Radomir\anaconda3\Library\mingw-w64\bin;C:\Users\Radomir\anaconda3\Library\usr\bin;C:\Users\Radomir\anaconda3\Library\bin;C:\Users\Radomir\anaconda3\Scripts;C:\Program Files\OpenSSL-Win64\bin;C:\Users\Radomir\AppData\Local\Microsoft\WindowsApps;C:\Users\Radomir\AppData\Local\Programs\Microsoft VS Code\bin;C:\Users\Radomir\.dotnet\tools;C:\Users\Radomir\AppData\Local\GitHubDesktop\bin;C:\Program Files\JetBrains\DataGrip 2021.2.4\bin;C:\Program Files\JetBrains\WebStorm 2021.2.3\bin;C:\Program Files\heroku\bin;C:\tools\dart-sdk\bin;C:\Users\Radomir\AppData\Roaming\Pub\Cache\bin;C:\Program Files\JetBrains\IntelliJ IDEA 2022.2.3\bin;C:\Users\Radomir\AppData\Roaming\nvm;C:\Users\Radomir\AppData\Local\Programs\oh-my-posh\bin;C:\Users\Radomir\AppData\Local\Microsoft\WinGet\Links;C:\Users\Radomir\AppData\Local\JetBrains\Toolbox\scripts;C:\Users\Radomir\AppData\Local\JetBrains\Toolbox\apps\IDEA-U\ch-0\231.8109.175\bin;C:\Users\Radomir\AppData\Local\JetBrains\Toolbox\apps;C:\Users\Radomir\AppData\Local\Programs\Microsoft VS Code Insiders\bin;C:\Program Files\liquibase;C:\Program Files\Git\usr\bin\vendor_perl;C:\Program Files\Git\usr\bin\core_perl;."/>
    <property name="java.vm.info" value="mixed mode, sharing"/>
    <property name="java.vendor" value="Azul Systems, Inc."/>
    <property name="java.vm.version" value="17.0.4.1+1-LTS"/>
    <property name="sun.io.unicode.encoding" value="UnicodeLittle"/>
    <property name="java.class.version" value="61.0"/>
  </properties>
  <testcase name="elevatorCapacityIsOne" classname="com.ucb.tdd.ElevatorTest" time="0.009"/>
  <testcase name="elevatorWontDropOffIfEmpty" classname="com.ucb.tdd.ElevatorTest" time="0"/>
  <testcase name="elevatorDropsOffPerson" classname="com.ucb.tdd.ElevatorTest" time="0"/>
  <testcase name="elevatorGoesDown" classname="com.ucb.tdd.ElevatorTest" time="0"/>
  <testcase name="elevatorWontGoToDestinationIfEmpty" classname="com.ucb.tdd.ElevatorTest" time="0"/>
  <testcase name="elevatorStartsOnFirstFloor" classname="com.ucb.tdd.ElevatorTest" time="0.001"/>
  <testcase name="elevatorPicksUpPerson" classname="com.ucb.tdd.ElevatorTest" time="0"/>
  <testcase name="elevatorGoesToDestination" classname="com.ucb.tdd.ElevatorTest" time="0"/>
  <testcase name="elevatorWontDropOffIfNotAtDestination" classname="com.ucb.tdd.ElevatorTest" time="0"/>
  <testcase name="elevatorWontPickUpIfEmpty" classname="com.ucb.tdd.ElevatorTest" time="0"/>
  <testcase name="elevatorGoesUp" classname="com.ucb.tdd.ElevatorTest" time="0"/>
  <testcase name="elevatorWithRandomPerson" classname="com.ucb.tdd.ElevatorTest" time="0"/>
</testsuite>